<?xml version="1.0" encoding="UTF-8"?>
<!-- Generated by org.testng.reporters.JUnitReportReporter -->
<testsuite hostname="LAPTOP-K76LP1TT" failures="0" tests="1" name="Udemy.Basics" time="8.136" errors="0" timestamp="2022-12-08T22:06:33 PST" skipped="0">
  <testcase classname="Udemy.Basics" name="test123" time="8.136"/>
  <system-out/>
</testsuite> <!-- Udemy.Basics -->
