<?xml version="1.0" encoding="UTF-8"?>
<!-- Generated by org.testng.reporters.JUnitReportReporter -->
<testsuite hostname="LAPTOP-K76LP1TT" failures="0" tests="3" name="Udemy.DynamicJson" time="4.992" errors="0" timestamp="2022-12-20T20:26:33 PST" skipped="0">
  <testcase classname="Udemy.DynamicJson" name="addBook" time="3.746"/>
  <system-out/>
  <testcase classname="Udemy.DynamicJson" name="addBook" time="0.608"/>
  <system-out/>
  <testcase classname="Udemy.DynamicJson" name="addBook" time="0.638"/>
  <system-out/>
</testsuite> <!-- Udemy.DynamicJson -->
