<?xml version="1.0" encoding="UTF-8"?>
<!-- Generated by org.testng.reporters.JUnitReportReporter -->
<testsuite hostname="LAPTOP-K76LP1TT" failures="0" tests="1" name="Udemy.ComplexJsonParse" time="2.527" errors="0" timestamp="2022-12-14T18:22:19 PST" skipped="0">
  <testcase classname="Udemy.ComplexJsonParse" name="JsonParse" time="2.527"/>
  <system-out/>
</testsuite> <!-- Udemy.ComplexJsonParse -->
