<?xml version="1.0" encoding="UTF-8"?>
<!-- Generated by org.testng.reporters.JUnitReportReporter -->
<testsuite hostname="LAPTOP-K76LP1TT" failures="0" tests="2" name="DifferentTypes.Test01_GET" time="3.513" errors="0" timestamp="2022-11-15T17:08:55 PST" skipped="0">
  <testcase classname="DifferentTypes.Test01_GET" name="test_post" time="0.549"/>
  <system-out/>
  <testcase classname="DifferentTypes.Test01_GET" name="test_get" time="2.964"/>
  <system-out/>
</testsuite> <!-- DifferentTypes.Test01_GET -->
