<?xml version="1.0" encoding="UTF-8"?>
<!-- Generated by org.testng.reporters.JUnitReportReporter -->
<testsuite hostname="LAPTOP-K76LP1TT" failures="0" tests="2" name="Test01_GET" time="11.403" errors="0" timestamp="2022-11-14T22:53:30 PST" skipped="0">
  <testcase classname="Test01_GET" name="test_get" time="10.822"/>
  <system-out/>
  <testcase classname="Test01_GET" name="test_post" time="0.581"/>
  <system-out/>
</testsuite> <!-- Test01_GET -->
