<?xml version="1.0" encoding="UTF-8"?>
<!-- Generated by org.testng.reporters.JUnitReportReporter -->
<testsuite hostname="LAPTOP-K76LP1TT" failures="0" tests="1" name="Example.Example" time="3.146" errors="0" timestamp="2022-11-24T16:22:29 PST" skipped="0">
  <testcase classname="Example.Example" name="test_patch" time="3.146"/>
  <system-out/>
</testsuite> <!-- Example.Example -->
