<?xml version="1.0" encoding="UTF-8"?>
<!-- Generated by org.testng.reporters.JUnitReportReporter -->
<testsuite hostname="LAPTOP-K76LP1TT" failures="0" tests="1" name="DifferentTypes.Test02_Post" time="0.016" errors="0" timestamp="2022-11-24T17:38:41 PST" skipped="0">
  <testcase classname="DifferentTypes.Test02_Post" name="james_forloop" time="0.016"/>
  <system-out/>
</testsuite> <!-- DifferentTypes.Test02_Post -->
